<?xml version="1.0" encoding="UTF-8"?>
<!-- Generated by org.testng.reporters.JUnitXMLReporter -->
<testsuite hostname="DESKTOP-N0CE5PM" name="All_InOne_Test" tests="46" failures="9" timestamp="5 May 2019 14:10:14 GMT" time="1700.063" errors="0">
  <testcase name="myTestMethod" time="73.447" classname="basics.myassignments.ListItemMultipleSelection"/>
  <testcase name="myTestMethod" time="18.127" classname="basics.MyCheckBox"/>
  <testcase name="myDownload" time="10.236" classname="advanced.MyFileDownloadChrome"/>
  <testcase name="myTestMethod" time="66.697" classname="advanced.myassgnment.OpenNewTabBrowser"/>
  <testcase name="dynamicTableTest" time="13.392" classname="advanced.myassgnment.MyDynamicTable"/>
  <testcase name="myTestMethod" time="34.897" classname="basics.MyFirstAutomationScriptCH"/>
  <testcase name="getEmployeesFromDataBase" time="0.119" classname="advanced.DataBaseConnectionMySQL">
    <failure type="java.lang.NullPointerException">
      <![CDATA[java.lang.NullPointerException
	at advanced.DataBaseConnectionMySQL.getEmployeesFromDataBase(DataBaseConnectionMySQL.java:58)
... Removed 24 stack frames]]>
    </failure>
  </testcase> <!-- getEmployeesFromDataBase -->
  <testcase name="moveMycountryToRight" time="51.515" classname="basics.CountryListBox">
    <failure type="org.openqa.selenium.WebDriverException" message="unknown error: Element &amp;lt;li id=&amp;quot;ctl00_ContentPlaceholder1_RadListBoxSource_i10&amp;quot; class=&amp;quot;rlbItem&amp;quot;&amp;gt;...&amp;lt;/li&amp;gt; is not clickable at point (362, 486). Other element would receive the click: &amp;lt;p&amp;gt;...&amp;lt;/p&amp;gt;
  (Session info: chrome=73.0.3683.103)
  (Driver info: chromedriver=2.45.615291 (ec3682e3c9061c10f26ea9e5cdcf3c53f3f74387),platform=Windows NT 10.0.16299 x86_64) (WARNING: The server did not provide any stacktrace information)
Command duration or timeout: 0 milliseconds
Build info: version: &amp;apos;3.5.2&amp;apos;, revision: &amp;apos;10229a9020&amp;apos;, time: &amp;apos;2017-08-21T17:54:21.164Z&amp;apos;
System info: host: &amp;apos;DESKTOP-N0CE5PM&amp;apos;, ip: &amp;apos;192.168.43.213&amp;apos;, os.name: &amp;apos;Windows 10&amp;apos;, os.arch: &amp;apos;amd64&amp;apos;, os.version: &amp;apos;10.0&amp;apos;, java.version: &amp;apos;1.8.0_161&amp;apos;
Driver info: org.openqa.selenium.chrome.ChromeDriver
Capabilities [{mobileEmulationEnabled=false, timeouts={implicit=0, pageLoad=300000, script=30000}, hasTouchScreen=false, platform=XP, acceptSslCerts=false, goog:chromeOptions={debuggerAddress=localhost:57621}, acceptInsecureCerts=false, webStorageEnabled=true, browserName=chrome, takesScreenshot=true, javascriptEnabled=true, setWindowRect=true, unexpectedAlertBehaviour=ignore, applicationCacheEnabled=false, rotatable=false, networkConnectionEnabled=false, chrome={chromedriverVersion=2.45.615291 (ec3682e3c9061c10f26ea9e5cdcf3c53f3f74387), userDataDir=C:\Users\Pravin\AppData\Local\Temp\scoped_dir12912_27131}, takesHeapSnapshot=true, unhandledPromptBehavior=ignore, pageLoadStrategy=normal, strictFileInteractability=false, databaseEnabled=false, handlesAlerts=true, version=73.0.3683.103, browserConnectionEnabled=false, proxy=Proxy(), nativeEvents=true, locationContextEnabled=true, cssSelectorsEnabled=true}]
Session ID: 3d9f6c98a21d756645e35bb490c9fbc0">
      <![CDATA[org.openqa.selenium.WebDriverException: unknown error: Element <li id="ctl00_ContentPlaceholder1_RadListBoxSource_i10" class="rlbItem">...</li> is not clickable at point (362, 486). Other element would receive the click: <p>...</p>
  (Session info: chrome=73.0.3683.103)
  (Driver info: chromedriver=2.45.615291 (ec3682e3c9061c10f26ea9e5cdcf3c53f3f74387),platform=Windows NT 10.0.16299 x86_64) (WARNING: The server did not provide any stacktrace information)
Command duration or timeout: 0 milliseconds
Build info: version: '3.5.2', revision: '10229a9020', time: '2017-08-21T17:54:21.164Z'
System info: host: 'DESKTOP-N0CE5PM', ip: '192.168.43.213', os.name: 'Windows 10', os.arch: 'amd64', os.version: '10.0', java.version: '1.8.0_161'
Driver info: org.openqa.selenium.chrome.ChromeDriver
Capabilities [{mobileEmulationEnabled=false, timeouts={implicit=0, pageLoad=300000, script=30000}, hasTouchScreen=false, platform=XP, acceptSslCerts=false, goog:chromeOptions={debuggerAddress=localhost:57621}, acceptInsecureCerts=false, webStorageEnabled=true, browserName=chrome, takesScreenshot=true, javascriptEnabled=true, setWindowRect=true, unexpectedAlertBehaviour=ignore, applicationCacheEnabled=false, rotatable=false, networkConnectionEnabled=false, chrome={chromedriverVersion=2.45.615291 (ec3682e3c9061c10f26ea9e5cdcf3c53f3f74387), userDataDir=C:\Users\Pravin\AppData\Local\Temp\scoped_dir12912_27131}, takesHeapSnapshot=true, unhandledPromptBehavior=ignore, pageLoadStrategy=normal, strictFileInteractability=false, databaseEnabled=false, handlesAlerts=true, version=73.0.3683.103, browserConnectionEnabled=false, proxy=Proxy(), nativeEvents=true, locationContextEnabled=true, cssSelectorsEnabled=true}]
Session ID: 3d9f6c98a21d756645e35bb490c9fbc0
	at org.openqa.selenium.remote.ErrorHandler.createThrowable(ErrorHandler.java:215)
	at org.openqa.selenium.remote.ErrorHandler.throwIfResponseFailed(ErrorHandler.java:167)
	at org.openqa.selenium.remote.http.JsonHttpResponseCodec.reconstructValue(JsonHttpResponseCodec.java:40)
	at org.openqa.selenium.remote.http.AbstractHttpResponseCodec.decode(AbstractHttpResponseCodec.java:82)
	at org.openqa.selenium.remote.http.AbstractHttpResponseCodec.decode(AbstractHttpResponseCodec.java:45)
	at org.openqa.selenium.remote.HttpCommandExecutor.execute(HttpCommandExecutor.java:164)
	at org.openqa.selenium.remote.service.DriverCommandExecutor.execute(DriverCommandExecutor.java:82)
	at org.openqa.selenium.remote.RemoteWebDriver.execute(RemoteWebDriver.java:641)
	at org.openqa.selenium.remote.RemoteWebElement.execute(RemoteWebElement.java:275)
	at org.openqa.selenium.remote.RemoteWebElement.click(RemoteWebElement.java:82)
	at basics.CountryListBox.selectCountry(CountryListBox.java:35)
	at basics.CountryListBox.moveMycountryToRight(CountryListBox.java:30)
... Removed 28 stack frames]]>
    </failure>
  </testcase> <!-- moveMycountryToRight -->
  <testcase name="myTestMethod" time="28.307" classname="basics.select.GetAllSelectedOptions"/>
  <testcase name="myTestMethod" time="0.007" classname="basics.select.SelectByValue">
    <failure type="java.lang.IllegalStateException" message="The driver executable does not exist: D:\Radical_Selenium\Selenium\geckodriver-v0.18.0-win64\geckodriver.exe">
      <![CDATA[java.lang.IllegalStateException: The driver executable does not exist: D:\Radical_Selenium\Selenium\geckodriver-v0.18.0-win64\geckodriver.exe
	at com.google.common.base.Preconditions.checkState(Preconditions.java:534)
	at org.openqa.selenium.remote.service.DriverService.checkExecutable(DriverService.java:136)
	at org.openqa.selenium.remote.service.DriverService.findExecutable(DriverService.java:131)
	at org.openqa.selenium.firefox.GeckoDriverService.access$100(GeckoDriverService.java:41)
	at org.openqa.selenium.firefox.GeckoDriverService$Builder.findDefaultExecutable(GeckoDriverService.java:115)
	at org.openqa.selenium.remote.service.DriverService$Builder.build(DriverService.java:329)
	at org.openqa.selenium.firefox.FirefoxDriver.toExecutor(FirefoxDriver.java:207)
	at org.openqa.selenium.firefox.FirefoxDriver.<init>(FirefoxDriver.java:103)
	at org.openqa.selenium.firefox.FirefoxDriver.<init>(FirefoxDriver.java:99)
	at basics.select.SelectByValue.myTestMethod(SelectByValue.java:16)
... Removed 24 stack frames]]>
    </failure>
  </testcase> <!-- myTestMethod -->
  <testcase name="myTestMethod" time="21.248" classname="advanced.OpenLinkinNewTab"/>
  <testcase name="myTestMethod" time="49.189" classname="basics.MyFirstAutomationScriptFF"/>
  <testcase name="myTestMethod" time="37.195" classname="basics.select.MyFormScript"/>
  <testcase name="myTestMethod" time="20.498" classname="advanced.MyDragAndDrop"/>
  <testcase name="myFileUpload" time="112.982" classname="advanced.FileUpload"/>
  <testcase name="myTestMethod" time="83.089" classname="advanced.MyIframe"/>
  <testcase name="myTestMethod" time="94.541" classname="basics.select.SelectByIndex"/>
  <testcase name="myExplicitWait" time="116.966" classname="advanced.ExplicitWait">
    <failure type="org.openqa.selenium.TimeoutException" message="Expected condition failed: waiting for presence of element located by: By.name: qr (tried for 40 second(s) with 500 MILLISECONDS interval)">
      <![CDATA[org.openqa.selenium.TimeoutException: Expected condition failed: waiting for presence of element located by: By.name: qr (tried for 40 second(s) with 500 MILLISECONDS interval)
	at org.openqa.selenium.support.ui.WebDriverWait.timeoutException(WebDriverWait.java:80)
	at org.openqa.selenium.support.ui.FluentWait.until(FluentWait.java:232)
	at advanced.ExplicitWait.myExplicitWait(ExplicitWait.java:29)
Caused by: org.openqa.selenium.NoSuchElementException: Cannot locate an element using By.name: qr
For documentation on this error, please visit: http://seleniumhq.org/exceptions/no_such_element.html
Build info: version: '3.5.2', revision: '10229a9020', time: '2017-08-21T17:54:21.164Z'
System info: host: 'DESKTOP-N0CE5PM', ip: '192.168.43.213', os.name: 'Windows 10', os.arch: 'amd64', os.version: '10.0', java.version: '1.8.0_161'
Driver info: driver.version: unknown
	at org.openqa.selenium.support.ui.ExpectedConditions.lambda$findElement$0(ExpectedConditions.java:883)
	at java.util.Optional.orElseThrow(Unknown Source)
	at org.openqa.selenium.support.ui.ExpectedConditions.findElement(ExpectedConditions.java:882)
	at org.openqa.selenium.support.ui.ExpectedConditions.access$000(ExpectedConditions.java:44)
	at org.openqa.selenium.support.ui.ExpectedConditions$6.apply(ExpectedConditions.java:183)
	at org.openqa.selenium.support.ui.ExpectedConditions$6.apply(ExpectedConditions.java:180)
	at org.openqa.selenium.support.ui.FluentWait.until(FluentWait.java:209)
	... 25 more
... Removed 24 stack frames]]>
    </failure>
  </testcase> <!-- myExplicitWait -->
  <testcase name="myAlertBoxTest" time="135.688" classname="basics.alert.AlertBoxTest"/>
  <testcase name="loginFacebook" time="79.655" classname="keyworddriven.KeywordDrivenScript1">
    <failure type="org.openqa.selenium.WebDriverException" message="Failed to decode response from marionette
Build info: version: &amp;apos;3.5.2&amp;apos;, revision: &amp;apos;10229a9020&amp;apos;, time: &amp;apos;2017-08-21T17:54:21.164Z&amp;apos;
System info: host: &amp;apos;DESKTOP-N0CE5PM&amp;apos;, ip: &amp;apos;192.168.43.213&amp;apos;, os.name: &amp;apos;Windows 10&amp;apos;, os.arch: &amp;apos;amd64&amp;apos;, os.version: &amp;apos;10.0&amp;apos;, java.version: &amp;apos;1.8.0_161&amp;apos;
Driver info: org.openqa.selenium.firefox.FirefoxDriver
Capabilities [{moz:profile=C:\Users\Pravin\AppData\Local\Temp\rust_mozprofile.VYFxov2AS8Kh, rotatable=false, timeouts={implicit=0, pageLoad=300000, script=30000}, pageLoadStrategy=normal, platform=ANY, specificationLevel=0, moz:accessibilityChecks=false, acceptInsecureCerts=false, browserVersion=53.0.3, platformVersion=10.0, moz:processID=6064, browserName=firefox, javascriptEnabled=true, platformName=windows_nt}]
Session ID: ed37f80c-ea06-486c-bbb8-a8ddb326057c">
      <![CDATA[org.openqa.selenium.WebDriverException: Failed to decode response from marionette
Build info: version: '3.5.2', revision: '10229a9020', time: '2017-08-21T17:54:21.164Z'
System info: host: 'DESKTOP-N0CE5PM', ip: '192.168.43.213', os.name: 'Windows 10', os.arch: 'amd64', os.version: '10.0', java.version: '1.8.0_161'
Driver info: org.openqa.selenium.firefox.FirefoxDriver
Capabilities [{moz:profile=C:\Users\Pravin\AppData\Local\Temp\rust_mozprofile.VYFxov2AS8Kh, rotatable=false, timeouts={implicit=0, pageLoad=300000, script=30000}, pageLoadStrategy=normal, platform=ANY, specificationLevel=0, moz:accessibilityChecks=false, acceptInsecureCerts=false, browserVersion=53.0.3, platformVersion=10.0, moz:processID=6064, browserName=firefox, javascriptEnabled=true, platformName=windows_nt}]
Session ID: ed37f80c-ea06-486c-bbb8-a8ddb326057c
	at org.openqa.selenium.remote.http.W3CHttpResponseCodec.createException(W3CHttpResponseCodec.java:185)
	at org.openqa.selenium.remote.http.W3CHttpResponseCodec.decode(W3CHttpResponseCodec.java:120)
	at org.openqa.selenium.remote.http.W3CHttpResponseCodec.decode(W3CHttpResponseCodec.java:49)
	at org.openqa.selenium.remote.HttpCommandExecutor.execute(HttpCommandExecutor.java:164)
	at org.openqa.selenium.remote.service.DriverCommandExecutor.execute(DriverCommandExecutor.java:82)
	at org.openqa.selenium.remote.RemoteWebDriver.execute(RemoteWebDriver.java:641)
	at org.openqa.selenium.remote.RemoteWebDriver.get(RemoteWebDriver.java:368)
	at keyworddriven.DataProcess.performAction(DataProcess.java:51)
	at keyworddriven.KeywordDrivenScript1.loginFacebook(KeywordDrivenScript1.java:37)
... Removed 28 stack frames]]>
    </failure>
  </testcase> <!-- loginFacebook -->
  <testcase name="myTestMethod" time="60.672" classname="basics.FacebookLogin">
    <failure type="org.openqa.selenium.WebDriverException" message="quit
Build info: version: &amp;apos;3.5.2&amp;apos;, revision: &amp;apos;10229a9020&amp;apos;, time: &amp;apos;2017-08-21T17:54:21.164Z&amp;apos;
System info: host: &amp;apos;DESKTOP-N0CE5PM&amp;apos;, ip: &amp;apos;192.168.43.213&amp;apos;, os.name: &amp;apos;Windows 10&amp;apos;, os.arch: &amp;apos;amd64&amp;apos;, os.version: &amp;apos;10.0&amp;apos;, java.version: &amp;apos;1.8.0_161&amp;apos;
Driver info: org.openqa.selenium.firefox.FirefoxDriver
Capabilities [{moz:profile=C:\Users\Pravin\AppData\Local\Temp\rust_mozprofile.yvyzKAvSnbUe, rotatable=false, timeouts={implicit=0, pageLoad=300000, script=30000}, pageLoadStrategy=normal, platform=ANY, specificationLevel=0, moz:accessibilityChecks=false, acceptInsecureCerts=false, browserVersion=53.0.3, platformVersion=10.0, moz:processID=8568, browserName=firefox, javascriptEnabled=true, platformName=windows_nt}]
Session ID: eb6b1db5-e816-498f-a053-25e0e43fc606">
      <![CDATA[org.openqa.selenium.WebDriverException: quit
Build info: version: '3.5.2', revision: '10229a9020', time: '2017-08-21T17:54:21.164Z'
System info: host: 'DESKTOP-N0CE5PM', ip: '192.168.43.213', os.name: 'Windows 10', os.arch: 'amd64', os.version: '10.0', java.version: '1.8.0_161'
Driver info: org.openqa.selenium.firefox.FirefoxDriver
Capabilities [{moz:profile=C:\Users\Pravin\AppData\Local\Temp\rust_mozprofile.yvyzKAvSnbUe, rotatable=false, timeouts={implicit=0, pageLoad=300000, script=30000}, pageLoadStrategy=normal, platform=ANY, specificationLevel=0, moz:accessibilityChecks=false, acceptInsecureCerts=false, browserVersion=53.0.3, platformVersion=10.0, moz:processID=8568, browserName=firefox, javascriptEnabled=true, platformName=windows_nt}]
Session ID: eb6b1db5-e816-498f-a053-25e0e43fc606
	at org.openqa.selenium.remote.http.W3CHttpResponseCodec.createException(W3CHttpResponseCodec.java:185)
	at org.openqa.selenium.remote.http.W3CHttpResponseCodec.decode(W3CHttpResponseCodec.java:120)
	at org.openqa.selenium.remote.http.W3CHttpResponseCodec.decode(W3CHttpResponseCodec.java:49)
	at org.openqa.selenium.remote.HttpCommandExecutor.execute(HttpCommandExecutor.java:164)
	at org.openqa.selenium.remote.service.DriverCommandExecutor.execute(DriverCommandExecutor.java:82)
	at org.openqa.selenium.remote.RemoteWebDriver.execute(RemoteWebDriver.java:641)
	at org.openqa.selenium.remote.RemoteWebDriver.execute(RemoteWebDriver.java:698)
	at org.openqa.selenium.remote.RemoteWebDriver.quit(RemoteWebDriver.java:537)
	at basics.FacebookLogin.myTestMethod(FacebookLogin.java:34)
... Removed 28 stack frames]]>
    </failure>
  </testcase> <!-- myTestMethod -->
  <testcase name="myTestMethod" time="24.095" classname="advanced.MyScreenShot"/>
  <testcase name="myDownload" time="32.268" classname="advanced.MyFileDownload"/>
  <testcase name="loginToFacebook" time="0.002" classname="datadriven.MyDataDrivenScript1"/>
  <testcase name="loginToFacebook" time="0.0" classname="datadriven.MyDataDrivenScript1"/>
  <testcase name="loginToFacebook" time="0.002" classname="datadriven.MyDataDrivenScript1"/>
  <testcase name="myTestMethod" time="8.811" classname="advanced.FacebookTest">
    <failure type="org.openqa.selenium.TimeoutException" message="timeout
  (Session info: chrome=73.0.3683.103)
  (Driver info: chromedriver=2.45.615291 (ec3682e3c9061c10f26ea9e5cdcf3c53f3f74387),platform=Windows NT 10.0.16299 x86_64) (WARNING: The server did not provide any stacktrace information)
Command duration or timeout: 0 milliseconds
Build info: version: &amp;apos;3.5.2&amp;apos;, revision: &amp;apos;10229a9020&amp;apos;, time: &amp;apos;2017-08-21T17:54:21.164Z&amp;apos;
System info: host: &amp;apos;DESKTOP-N0CE5PM&amp;apos;, ip: &amp;apos;192.168.43.213&amp;apos;, os.name: &amp;apos;Windows 10&amp;apos;, os.arch: &amp;apos;amd64&amp;apos;, os.version: &amp;apos;10.0&amp;apos;, java.version: &amp;apos;1.8.0_161&amp;apos;
Driver info: org.openqa.selenium.chrome.ChromeDriver
Capabilities [{mobileEmulationEnabled=false, timeouts={implicit=0, pageLoad=300000, script=30000}, hasTouchScreen=false, platform=XP, acceptSslCerts=false, goog:chromeOptions={debuggerAddress=localhost:60005}, acceptInsecureCerts=false, webStorageEnabled=true, browserName=chrome, takesScreenshot=true, javascriptEnabled=true, setWindowRect=true, unexpectedAlertBehaviour=ignore, applicationCacheEnabled=false, rotatable=false, networkConnectionEnabled=false, chrome={chromedriverVersion=2.45.615291 (ec3682e3c9061c10f26ea9e5cdcf3c53f3f74387), userDataDir=C:\Users\Pravin\AppData\Local\Temp\scoped_dir5440_15544}, takesHeapSnapshot=true, unhandledPromptBehavior=ignore, pageLoadStrategy=normal, strictFileInteractability=false, databaseEnabled=false, handlesAlerts=true, version=73.0.3683.103, browserConnectionEnabled=false, proxy=Proxy(), nativeEvents=true, locationContextEnabled=true, cssSelectorsEnabled=true}]
Session ID: 5f57b3b808b191dc9a5ade4197f176a3">
      <![CDATA[org.openqa.selenium.TimeoutException: timeout
  (Session info: chrome=73.0.3683.103)
  (Driver info: chromedriver=2.45.615291 (ec3682e3c9061c10f26ea9e5cdcf3c53f3f74387),platform=Windows NT 10.0.16299 x86_64) (WARNING: The server did not provide any stacktrace information)
Command duration or timeout: 0 milliseconds
Build info: version: '3.5.2', revision: '10229a9020', time: '2017-08-21T17:54:21.164Z'
System info: host: 'DESKTOP-N0CE5PM', ip: '192.168.43.213', os.name: 'Windows 10', os.arch: 'amd64', os.version: '10.0', java.version: '1.8.0_161'
Driver info: org.openqa.selenium.chrome.ChromeDriver
Capabilities [{mobileEmulationEnabled=false, timeouts={implicit=0, pageLoad=300000, script=30000}, hasTouchScreen=false, platform=XP, acceptSslCerts=false, goog:chromeOptions={debuggerAddress=localhost:60005}, acceptInsecureCerts=false, webStorageEnabled=true, browserName=chrome, takesScreenshot=true, javascriptEnabled=true, setWindowRect=true, unexpectedAlertBehaviour=ignore, applicationCacheEnabled=false, rotatable=false, networkConnectionEnabled=false, chrome={chromedriverVersion=2.45.615291 (ec3682e3c9061c10f26ea9e5cdcf3c53f3f74387), userDataDir=C:\Users\Pravin\AppData\Local\Temp\scoped_dir5440_15544}, takesHeapSnapshot=true, unhandledPromptBehavior=ignore, pageLoadStrategy=normal, strictFileInteractability=false, databaseEnabled=false, handlesAlerts=true, version=73.0.3683.103, browserConnectionEnabled=false, proxy=Proxy(), nativeEvents=true, locationContextEnabled=true, cssSelectorsEnabled=true}]
Session ID: 5f57b3b808b191dc9a5ade4197f176a3
	at org.openqa.selenium.remote.ErrorHandler.createThrowable(ErrorHandler.java:215)
	at org.openqa.selenium.remote.ErrorHandler.throwIfResponseFailed(ErrorHandler.java:167)
	at org.openqa.selenium.remote.http.JsonHttpResponseCodec.reconstructValue(JsonHttpResponseCodec.java:40)
	at org.openqa.selenium.remote.http.AbstractHttpResponseCodec.decode(AbstractHttpResponseCodec.java:82)
	at org.openqa.selenium.remote.http.AbstractHttpResponseCodec.decode(AbstractHttpResponseCodec.java:45)
	at org.openqa.selenium.remote.HttpCommandExecutor.execute(HttpCommandExecutor.java:164)
	at org.openqa.selenium.remote.service.DriverCommandExecutor.execute(DriverCommandExecutor.java:82)
	at org.openqa.selenium.remote.RemoteWebDriver.execute(RemoteWebDriver.java:641)
	at org.openqa.selenium.remote.RemoteWebDriver.get(RemoteWebDriver.java:368)
	at advanced.FacebookTest.myTestMethod(FacebookTest.java:24)
... Removed 28 stack frames]]>
    </failure>
  </testcase> <!-- myTestMethod -->
  <testcase name="myImplicitWait" time="18.213" classname="advanced.ImplicitWait"/>
  <testcase name="getEmployeesFromDataBase" time="0.001" classname="advanced.DataBaseConnectionOracle">
    <failure type="java.lang.NullPointerException">
      <![CDATA[java.lang.NullPointerException
	at advanced.DataBaseConnectionOracle.getEmployeesFromDataBase(DataBaseConnectionOracle.java:52)
... Removed 24 stack frames]]>
    </failure>
  </testcase> <!-- getEmployeesFromDataBase -->
  <testcase name="takeSreenshot" time="5.733" classname="advanced.myassgnment.TakeScreenShotElementNotFound"/>
  <testcase name="myTestMethod" time="44.009" classname="advanced.BrowserForwordBackRefresh"/>
  <testcase name="MyRegistration" time="35.325" classname="basics.MyAutomationScript"/>
  <testcase name="myLoginTest" time="0.0" classname="basics.AmazonLoginTestCh"/>
  <testcase name="myTestMethod" time="91.376" classname="basics.MyFirstAutomationScriptIE"/>
  <testcase name="loginToFacebook" time="27.036" classname="datadriven.MyDataDrivenScript"/>
  <testcase name="loginToFacebook" time="23.48" classname="datadriven.MyDataDrivenScript"/>
  <testcase name="loginToFacebook" time="23.604" classname="datadriven.MyDataDrivenScript"/>
  <testcase name="loginToFacebook" time="13.228" classname="datadriven.MyDataDrivenScript"/>
  <testcase name="loginToFacebook" time="18.853" classname="datadriven.MyDataDrivenScript"/>
  <testcase name="loginToFacebook" time="14.093" classname="datadriven.MyDataDrivenScript"/>
  <testcase name="loginToFacebook" time="12.474" classname="datadriven.MyDataDrivenScript"/>
  <testcase name="loginToFacebook" time="12.427" classname="datadriven.MyDataDrivenScript"/>
  <testcase name="loginToFacebook" time="22.698" classname="datadriven.MyDataDrivenScript"/>
  <testcase name="myTestMethod" time="50.809" classname="basics.myassignments.MoveAllListItemsToRights"/>
  <testcase name="myDownloadFile" time="36.505" classname="advanced.myassgnment.MyDownloadedFile">
    <failure type="java.lang.AssertionError" message="expected [true] but found [false]">
      <![CDATA[java.lang.AssertionError: expected [true] but found [false]
	at advanced.myassgnment.MyDownloadedFile.myDownloadFile(MyDownloadedFile.java:47)
... Removed 30 stack frames]]>
    </failure>
  </testcase> <!-- myDownloadFile -->
  <testcase name="myTestMethod" time="67.753" classname="basics.MyFirstAutomationScriptEdge"/>
</testsuite> <!-- All_InOne_Test -->
