<html>
<head>
<title>TestNG:  All_InOne_Test</title>
<link href="../testng.css" rel="stylesheet" type="text/css" />
<link href="../my-testng.css" rel="stylesheet" type="text/css" />

<style type="text/css">
.log { display: none;} 
.stack-trace { display: none;} 
</style>
<script type="text/javascript">
<!--
function flip(e) {
  current = e.style.display;
  if (current == 'block') {
    e.style.display = 'none';
    return 0;
  }
  else {
    e.style.display = 'block';
    return 1;
  }
}

function toggleBox(szDivId, elem, msg1, msg2)
{
  var res = -1;  if (document.getElementById) {
    res = flip(document.getElementById(szDivId));
  }
  else if (document.all) {
    // this is the way old msie versions work
    res = flip(document.all[szDivId]);
  }
  if(elem) {
    if(res == 0) elem.innerHTML = msg1; else elem.innerHTML = msg2;
  }

}

function toggleAllBoxes() {
  if (document.getElementsByTagName) {
    d = document.getElementsByTagName('div');
    for (i = 0; i < d.length; i++) {
      if (d[i].className == 'log') {
        flip(d[i]);
      }
    }
  }
}

// -->
</script>

</head>
<body>
<h2 align='center'>All_InOne_Test</h2><table border='1' align="center">
<tr>
<td>Tests passed/Failed/Skipped:</td><td>37/9/0</td>
</tr><tr>
<td>Started on:</td><td>Sun May 05 19:11:50 IST 2019</td>
</tr>
<tr><td>Total time:</td><td>1700 seconds (1700063 ms)</td>
</tr><tr>
<td>Included groups:</td><td></td>
</tr><tr>
<td>Excluded groups:</td><td></td>
</tr>
</table><p/>
<small><i>(Hover the method name to see the test class name)</i></small><p/>
<table width='100%' border='1' class='invocation-failed'>
<tr><td colspan='4' align='center'><b>FAILED TESTS</b></td></tr>
<tr><td><b>Test method</b></td>
<td width="30%"><b>Exception</b></td>
<td width="10%"><b>Time (seconds)</b></td>
<td><b>Instance</b></td>
</tr>
<tr>
<td title='advanced.DataBaseConnectionMySQL.getEmployeesFromDataBase()'><b>getEmployeesFromDataBase</b><br>Test class: advanced.DataBaseConnectionMySQL</td>
<td><div><pre>java.lang.NullPointerException
	at advanced.DataBaseConnectionMySQL.getEmployeesFromDataBase(DataBaseConnectionMySQL.java:58)
... Removed 24 stack frames</pre></div><a href='#' onClick='toggleBox("stack-trace1862383967", this, "Click to show all stack frames", "Click to hide stack frames")'>Click to show all stack frames</a>
<div class='stack-trace' id='stack-trace1862383967'><pre>java.lang.NullPointerException
	at advanced.DataBaseConnectionMySQL.getEmployeesFromDataBase(DataBaseConnectionMySQL.java:58)
	at sun.reflect.NativeMethodAccessorImpl.invoke0(Native Method)
	at sun.reflect.NativeMethodAccessorImpl.invoke(Unknown Source)
	at sun.reflect.DelegatingMethodAccessorImpl.invoke(Unknown Source)
	at java.lang.reflect.Method.invoke(Unknown Source)
	at org.testng.internal.MethodInvocationHelper.invokeMethod(MethodInvocationHelper.java:86)
	at org.testng.internal.Invoker.invokeMethod(Invoker.java:645)
	at org.testng.internal.Invoker.invokeTestMethod(Invoker.java:822)
	at org.testng.internal.Invoker.invokeTestMethods(Invoker.java:1130)
	at org.testng.internal.TestMethodWorker.invokeTestMethods(TestMethodWorker.java:129)
	at org.testng.internal.TestMethodWorker.run(TestMethodWorker.java:112)
	at org.testng.TestRunner.privateRun(TestRunner.java:782)
	at org.testng.TestRunner.run(TestRunner.java:632)
	at org.testng.SuiteRunner.runTest(SuiteRunner.java:366)
	at org.testng.SuiteRunner.runSequentially(SuiteRunner.java:361)
	at org.testng.SuiteRunner.privateRun(SuiteRunner.java:319)
	at org.testng.SuiteRunner.run(SuiteRunner.java:268)
	at org.testng.SuiteRunnerWorker.runSuite(SuiteRunnerWorker.java:52)
	at org.testng.SuiteRunnerWorker.run(SuiteRunnerWorker.java:86)
	at org.testng.TestNG.runSuitesSequentially(TestNG.java:1244)
	at org.testng.TestNG.runSuitesLocally(TestNG.java:1169)
	at org.testng.TestNG.run(TestNG.java:1064)
	at org.testng.remote.RemoteTestNG.run(RemoteTestNG.java:113)
	at org.testng.remote.RemoteTestNG.initAndRun(RemoteTestNG.java:206)
	at org.testng.remote.RemoteTestNG.main(RemoteTestNG.java:177)
</pre></div></td>
<td>0</td>
<td>advanced.DataBaseConnectionMySQL@7d417077</td></tr>
<tr>
<td title='advanced.DataBaseConnectionOracle.getEmployeesFromDataBase()'><b>getEmployeesFromDataBase</b><br>Test class: advanced.DataBaseConnectionOracle</td>
<td><div><pre>java.lang.NullPointerException
	at advanced.DataBaseConnectionOracle.getEmployeesFromDataBase(DataBaseConnectionOracle.java:52)
... Removed 24 stack frames</pre></div><a href='#' onClick='toggleBox("stack-trace144699438", this, "Click to show all stack frames", "Click to hide stack frames")'>Click to show all stack frames</a>
<div class='stack-trace' id='stack-trace144699438'><pre>java.lang.NullPointerException
	at advanced.DataBaseConnectionOracle.getEmployeesFromDataBase(DataBaseConnectionOracle.java:52)
	at sun.reflect.NativeMethodAccessorImpl.invoke0(Native Method)
	at sun.reflect.NativeMethodAccessorImpl.invoke(Unknown Source)
	at sun.reflect.DelegatingMethodAccessorImpl.invoke(Unknown Source)
	at java.lang.reflect.Method.invoke(Unknown Source)
	at org.testng.internal.MethodInvocationHelper.invokeMethod(MethodInvocationHelper.java:86)
	at org.testng.internal.Invoker.invokeMethod(Invoker.java:645)
	at org.testng.internal.Invoker.invokeTestMethod(Invoker.java:822)
	at org.testng.internal.Invoker.invokeTestMethods(Invoker.java:1130)
	at org.testng.internal.TestMethodWorker.invokeTestMethods(TestMethodWorker.java:129)
	at org.testng.internal.TestMethodWorker.run(TestMethodWorker.java:112)
	at org.testng.TestRunner.privateRun(TestRunner.java:782)
	at org.testng.TestRunner.run(TestRunner.java:632)
	at org.testng.SuiteRunner.runTest(SuiteRunner.java:366)
	at org.testng.SuiteRunner.runSequentially(SuiteRunner.java:361)
	at org.testng.SuiteRunner.privateRun(SuiteRunner.java:319)
	at org.testng.SuiteRunner.run(SuiteRunner.java:268)
	at org.testng.SuiteRunnerWorker.runSuite(SuiteRunnerWorker.java:52)
	at org.testng.SuiteRunnerWorker.run(SuiteRunnerWorker.java:86)
	at org.testng.TestNG.runSuitesSequentially(TestNG.java:1244)
	at org.testng.TestNG.runSuitesLocally(TestNG.java:1169)
	at org.testng.TestNG.run(TestNG.java:1064)
	at org.testng.remote.RemoteTestNG.run(RemoteTestNG.java:113)
	at org.testng.remote.RemoteTestNG.initAndRun(RemoteTestNG.java:206)
	at org.testng.remote.RemoteTestNG.main(RemoteTestNG.java:177)
</pre></div></td>
<td>0</td>
<td>advanced.DataBaseConnectionOracle@27f674d</td></tr>
<tr>
<td title='keyworddriven.KeywordDrivenScript1.loginFacebook()'><b>loginFacebook</b><br>Test class: keyworddriven.KeywordDrivenScript1</td>
<td><div><pre>org.openqa.selenium.WebDriverException: Failed to decode response from marionette
Build info: version: &apos;3.5.2&apos;, revision: &apos;10229a9020&apos;, time: &apos;2017-08-21T17:54:21.164Z&apos;
System info: host: &apos;DESKTOP-N0CE5PM&apos;, ip: &apos;192.168.43.213&apos;, os.name: &apos;Windows 10&apos;, os.arch: &apos;amd64&apos;, os.version: &apos;10.0&apos;, java.version: &apos;1.8.0_161&apos;
Driver info: org.openqa.selenium.firefox.FirefoxDriver
Capabilities [{moz:profile=C:\Users\Pravin\AppData\Local\Temp\rust_mozprofile.VYFxov2AS8Kh, rotatable=false, timeouts={implicit=0, pageLoad=300000, script=30000}, pageLoadStrategy=normal, platform=ANY, specificationLevel=0, moz:accessibilityChecks=false, acceptInsecureCerts=false, browserVersion=53.0.3, platformVersion=10.0, moz:processID=6064, browserName=firefox, javascriptEnabled=true, platformName=windows_nt}]
Session ID: ed37f80c-ea06-486c-bbb8-a8ddb326057c
	at org.openqa.selenium.remote.http.W3CHttpResponseCodec.createException(W3CHttpResponseCodec.java:185)
	at org.openqa.selenium.remote.http.W3CHttpResponseCodec.decode(W3CHttpResponseCodec.java:120)
	at org.openqa.selenium.remote.http.W3CHttpResponseCodec.decode(W3CHttpResponseCodec.java:49)
	at org.openqa.selenium.remote.HttpCommandExecutor.execute(HttpCommandExecutor.java:164)
	at org.openqa.selenium.remote.service.DriverCommandExecutor.execute(DriverCommandExecutor.java:82)
	at org.openqa.selenium.remote.RemoteWebDriver.execute(RemoteWebDriver.java:641)
	at org.openqa.selenium.remote.RemoteWebDriver.get(RemoteWebDriver.java:368)
	at keyworddriven.DataProcess.performAction(DataProcess.java:51)
	at keyworddriven.KeywordDrivenScript1.loginFacebook(KeywordDrivenScript1.java:37)
... Removed 28 stack frames</pre></div><a href='#' onClick='toggleBox("stack-trace1662912171", this, "Click to show all stack frames", "Click to hide stack frames")'>Click to show all stack frames</a>
<div class='stack-trace' id='stack-trace1662912171'><pre>org.openqa.selenium.WebDriverException: Failed to decode response from marionette
Build info: version: &apos;3.5.2&apos;, revision: &apos;10229a9020&apos;, time: &apos;2017-08-21T17:54:21.164Z&apos;
System info: host: &apos;DESKTOP-N0CE5PM&apos;, ip: &apos;192.168.43.213&apos;, os.name: &apos;Windows 10&apos;, os.arch: &apos;amd64&apos;, os.version: &apos;10.0&apos;, java.version: &apos;1.8.0_161&apos;
Driver info: org.openqa.selenium.firefox.FirefoxDriver
Capabilities [{moz:profile=C:\Users\Pravin\AppData\Local\Temp\rust_mozprofile.VYFxov2AS8Kh, rotatable=false, timeouts={implicit=0, pageLoad=300000, script=30000}, pageLoadStrategy=normal, platform=ANY, specificationLevel=0, moz:accessibilityChecks=false, acceptInsecureCerts=false, browserVersion=53.0.3, platformVersion=10.0, moz:processID=6064, browserName=firefox, javascriptEnabled=true, platformName=windows_nt}]
Session ID: ed37f80c-ea06-486c-bbb8-a8ddb326057c
	at sun.reflect.NativeConstructorAccessorImpl.newInstance0(Native Method)
	at sun.reflect.NativeConstructorAccessorImpl.newInstance(Unknown Source)
	at sun.reflect.DelegatingConstructorAccessorImpl.newInstance(Unknown Source)
	at java.lang.reflect.Constructor.newInstance(Unknown Source)
	at org.openqa.selenium.remote.http.W3CHttpResponseCodec.createException(W3CHttpResponseCodec.java:185)
	at org.openqa.selenium.remote.http.W3CHttpResponseCodec.decode(W3CHttpResponseCodec.java:120)
	at org.openqa.selenium.remote.http.W3CHttpResponseCodec.decode(W3CHttpResponseCodec.java:49)
	at org.openqa.selenium.remote.HttpCommandExecutor.execute(HttpCommandExecutor.java:164)
	at org.openqa.selenium.remote.service.DriverCommandExecutor.execute(DriverCommandExecutor.java:82)
	at org.openqa.selenium.remote.RemoteWebDriver.execute(RemoteWebDriver.java:641)
	at org.openqa.selenium.remote.RemoteWebDriver.get(RemoteWebDriver.java:368)
	at keyworddriven.DataProcess.performAction(DataProcess.java:51)
	at keyworddriven.KeywordDrivenScript1.loginFacebook(KeywordDrivenScript1.java:37)
	at sun.reflect.NativeMethodAccessorImpl.invoke0(Native Method)
	at sun.reflect.NativeMethodAccessorImpl.invoke(Unknown Source)
	at sun.reflect.DelegatingMethodAccessorImpl.invoke(Unknown Source)
	at java.lang.reflect.Method.invoke(Unknown Source)
	at org.testng.internal.MethodInvocationHelper.invokeMethod(MethodInvocationHelper.java:86)
	at org.testng.internal.Invoker.invokeMethod(Invoker.java:645)
	at org.testng.internal.Invoker.invokeTestMethod(Invoker.java:822)
	at org.testng.internal.Invoker.invokeTestMethods(Invoker.java:1130)
	at org.testng.internal.TestMethodWorker.invokeTestMethods(TestMethodWorker.java:129)
	at org.testng.internal.TestMethodWorker.run(TestMethodWorker.java:112)
	at org.testng.TestRunner.privateRun(TestRunner.java:782)
	at org.testng.TestRunner.run(TestRunner.java:632)
	at org.testng.SuiteRunner.runTest(SuiteRunner.java:366)
	at org.testng.SuiteRunner.runSequentially(SuiteRunner.java:361)
	at org.testng.SuiteRunner.privateRun(SuiteRunner.java:319)
	at org.testng.SuiteRunner.run(SuiteRunner.java:268)
	at org.testng.SuiteRunnerWorker.runSuite(SuiteRunnerWorker.java:52)
	at org.testng.SuiteRunnerWorker.run(SuiteRunnerWorker.java:86)
	at org.testng.TestNG.runSuitesSequentially(TestNG.java:1244)
	at org.testng.TestNG.runSuitesLocally(TestNG.java:1169)
	at org.testng.TestNG.run(TestNG.java:1064)
	at org.testng.remote.RemoteTestNG.run(RemoteTestNG.java:113)
	at org.testng.remote.RemoteTestNG.initAndRun(RemoteTestNG.java:206)
	at org.testng.remote.RemoteTestNG.main(RemoteTestNG.java:177)
</pre></div></td>
<td>79</td>
<td>keyworddriven.KeywordDrivenScript1@6bdf28bb</td></tr>
<tr>
<td title='basics.CountryListBox.moveMycountryToRight()'><b>moveMycountryToRight</b><br>Test class: basics.CountryListBox</td>
<td><div><pre>org.openqa.selenium.WebDriverException: unknown error: Element &lt;li id=&quot;ctl00_ContentPlaceholder1_RadListBoxSource_i10&quot; class=&quot;rlbItem&quot;&gt;...&lt;/li&gt; is not clickable at point (362, 486). Other element would receive the click: &lt;p&gt;...&lt;/p&gt;
  (Session info: chrome=73.0.3683.103)
  (Driver info: chromedriver=2.45.615291 (ec3682e3c9061c10f26ea9e5cdcf3c53f3f74387),platform=Windows NT 10.0.16299 x86_64) (WARNING: The server did not provide any stacktrace information)
Command duration or timeout: 0 milliseconds
Build info: version: &apos;3.5.2&apos;, revision: &apos;10229a9020&apos;, time: &apos;2017-08-21T17:54:21.164Z&apos;
System info: host: &apos;DESKTOP-N0CE5PM&apos;, ip: &apos;192.168.43.213&apos;, os.name: &apos;Windows 10&apos;, os.arch: &apos;amd64&apos;, os.version: &apos;10.0&apos;, java.version: &apos;1.8.0_161&apos;
Driver info: org.openqa.selenium.chrome.ChromeDriver
Capabilities [{mobileEmulationEnabled=false, timeouts={implicit=0, pageLoad=300000, script=30000}, hasTouchScreen=false, platform=XP, acceptSslCerts=false, goog:chromeOptions={debuggerAddress=localhost:57621}, acceptInsecureCerts=false, webStorageEnabled=true, browserName=chrome, takesScreenshot=true, javascriptEnabled=true, setWindowRect=true, unexpectedAlertBehaviour=ignore, applicationCacheEnabled=false, rotatable=false, networkConnectionEnabled=false, chrome={chromedriverVersion=2.45.615291 (ec3682e3c9061c10f26ea9e5cdcf3c53f3f74387), userDataDir=C:\Users\Pravin\AppData\Local\Temp\scoped_dir12912_27131}, takesHeapSnapshot=true, unhandledPromptBehavior=ignore, pageLoadStrategy=normal, strictFileInteractability=false, databaseEnabled=false, handlesAlerts=true, version=73.0.3683.103, browserConnectionEnabled=false, proxy=Proxy(), nativeEvents=true, locationContextEnabled=true, cssSelectorsEnabled=true}]
Session ID: 3d9f6c98a21d756645e35bb490c9fbc0
	at org.openqa.selenium.remote.ErrorHandler.createThrowable(ErrorHandler.java:215)
	at org.openqa.selenium.remote.ErrorHandler.throwIfResponseFailed(ErrorHandler.java:167)
	at org.openqa.selenium.remote.http.JsonHttpResponseCodec.reconstructValue(JsonHttpResponseCodec.java:40)
	at org.openqa.selenium.remote.http.AbstractHttpResponseCodec.decode(AbstractHttpResponseCodec.java:82)
	at org.openqa.selenium.remote.http.AbstractHttpResponseCodec.decode(AbstractHttpResponseCodec.java:45)
	at org.openqa.selenium.remote.HttpCommandExecutor.execute(HttpCommandExecutor.java:164)
	at org.openqa.selenium.remote.service.DriverCommandExecutor.execute(DriverCommandExecutor.java:82)
	at org.openqa.selenium.remote.RemoteWebDriver.execute(RemoteWebDriver.java:641)
	at org.openqa.selenium.remote.RemoteWebElement.execute(RemoteWebElement.java:275)
	at org.openqa.selenium.remote.RemoteWebElement.click(RemoteWebElement.java:82)
	at basics.CountryListBox.selectCountry(CountryListBox.java:35)
	at basics.CountryListBox.moveMycountryToRight(CountryListBox.java:30)
... Removed 28 stack frames</pre></div><a href='#' onClick='toggleBox("stack-trace403170294", this, "Click to show all stack frames", "Click to hide stack frames")'>Click to show all stack frames</a>
<div class='stack-trace' id='stack-trace403170294'><pre>org.openqa.selenium.WebDriverException: unknown error: Element &lt;li id=&quot;ctl00_ContentPlaceholder1_RadListBoxSource_i10&quot; class=&quot;rlbItem&quot;&gt;...&lt;/li&gt; is not clickable at point (362, 486). Other element would receive the click: &lt;p&gt;...&lt;/p&gt;
  (Session info: chrome=73.0.3683.103)
  (Driver info: chromedriver=2.45.615291 (ec3682e3c9061c10f26ea9e5cdcf3c53f3f74387),platform=Windows NT 10.0.16299 x86_64) (WARNING: The server did not provide any stacktrace information)
Command duration or timeout: 0 milliseconds
Build info: version: &apos;3.5.2&apos;, revision: &apos;10229a9020&apos;, time: &apos;2017-08-21T17:54:21.164Z&apos;
System info: host: &apos;DESKTOP-N0CE5PM&apos;, ip: &apos;192.168.43.213&apos;, os.name: &apos;Windows 10&apos;, os.arch: &apos;amd64&apos;, os.version: &apos;10.0&apos;, java.version: &apos;1.8.0_161&apos;
Driver info: org.openqa.selenium.chrome.ChromeDriver
Capabilities [{mobileEmulationEnabled=false, timeouts={implicit=0, pageLoad=300000, script=30000}, hasTouchScreen=false, platform=XP, acceptSslCerts=false, goog:chromeOptions={debuggerAddress=localhost:57621}, acceptInsecureCerts=false, webStorageEnabled=true, browserName=chrome, takesScreenshot=true, javascriptEnabled=true, setWindowRect=true, unexpectedAlertBehaviour=ignore, applicationCacheEnabled=false, rotatable=false, networkConnectionEnabled=false, chrome={chromedriverVersion=2.45.615291 (ec3682e3c9061c10f26ea9e5cdcf3c53f3f74387), userDataDir=C:\Users\Pravin\AppData\Local\Temp\scoped_dir12912_27131}, takesHeapSnapshot=true, unhandledPromptBehavior=ignore, pageLoadStrategy=normal, strictFileInteractability=false, databaseEnabled=false, handlesAlerts=true, version=73.0.3683.103, browserConnectionEnabled=false, proxy=Proxy(), nativeEvents=true, locationContextEnabled=true, cssSelectorsEnabled=true}]
Session ID: 3d9f6c98a21d756645e35bb490c9fbc0
	at sun.reflect.NativeConstructorAccessorImpl.newInstance0(Native Method)
	at sun.reflect.NativeConstructorAccessorImpl.newInstance(Unknown Source)
	at sun.reflect.DelegatingConstructorAccessorImpl.newInstance(Unknown Source)
	at java.lang.reflect.Constructor.newInstance(Unknown Source)
	at org.openqa.selenium.remote.ErrorHandler.createThrowable(ErrorHandler.java:215)
	at org.openqa.selenium.remote.ErrorHandler.throwIfResponseFailed(ErrorHandler.java:167)
	at org.openqa.selenium.remote.http.JsonHttpResponseCodec.reconstructValue(JsonHttpResponseCodec.java:40)
	at org.openqa.selenium.remote.http.AbstractHttpResponseCodec.decode(AbstractHttpResponseCodec.java:82)
	at org.openqa.selenium.remote.http.AbstractHttpResponseCodec.decode(AbstractHttpResponseCodec.java:45)
	at org.openqa.selenium.remote.HttpCommandExecutor.execute(HttpCommandExecutor.java:164)
	at org.openqa.selenium.remote.service.DriverCommandExecutor.execute(DriverCommandExecutor.java:82)
	at org.openqa.selenium.remote.RemoteWebDriver.execute(RemoteWebDriver.java:641)
	at org.openqa.selenium.remote.RemoteWebElement.execute(RemoteWebElement.java:275)
	at org.openqa.selenium.remote.RemoteWebElement.click(RemoteWebElement.java:82)
	at basics.CountryListBox.selectCountry(CountryListBox.java:35)
	at basics.CountryListBox.moveMycountryToRight(CountryListBox.java:30)
	at sun.reflect.NativeMethodAccessorImpl.invoke0(Native Method)
	at sun.reflect.NativeMethodAccessorImpl.invoke(Unknown Source)
	at sun.reflect.DelegatingMethodAccessorImpl.invoke(Unknown Source)
	at java.lang.reflect.Method.invoke(Unknown Source)
	at org.testng.internal.MethodInvocationHelper.invokeMethod(MethodInvocationHelper.java:86)
	at org.testng.internal.Invoker.invokeMethod(Invoker.java:645)
	at org.testng.internal.Invoker.invokeTestMethod(Invoker.java:822)
	at org.testng.internal.Invoker.invokeTestMethods(Invoker.java:1130)
	at org.testng.internal.TestMethodWorker.invokeTestMethods(TestMethodWorker.java:129)
	at org.testng.internal.TestMethodWorker.run(TestMethodWorker.java:112)
	at org.testng.TestRunner.privateRun(TestRunner.java:782)
	at org.testng.TestRunner.run(TestRunner.java:632)
	at org.testng.SuiteRunner.runTest(SuiteRunner.java:366)
	at org.testng.SuiteRunner.runSequentially(SuiteRunner.java:361)
	at org.testng.SuiteRunner.privateRun(SuiteRunner.java:319)
	at org.testng.SuiteRunner.run(SuiteRunner.java:268)
	at org.testng.SuiteRunnerWorker.runSuite(SuiteRunnerWorker.java:52)
	at org.testng.SuiteRunnerWorker.run(SuiteRunnerWorker.java:86)
	at org.testng.TestNG.runSuitesSequentially(TestNG.java:1244)
	at org.testng.TestNG.runSuitesLocally(TestNG.java:1169)
	at org.testng.TestNG.run(TestNG.java:1064)
	at org.testng.remote.RemoteTestNG.run(RemoteTestNG.java:113)
	at org.testng.remote.RemoteTestNG.initAndRun(RemoteTestNG.java:206)
	at org.testng.remote.RemoteTestNG.main(RemoteTestNG.java:177)
</pre></div></td>
<td>51</td>
<td>basics.CountryListBox@7dc36524</td></tr>
<tr>
<td title='advanced.myassgnment.MyDownloadedFile.myDownloadFile()'><b>myDownloadFile</b><br>Test class: advanced.myassgnment.MyDownloadedFile</td>
<td><div><pre>java.lang.AssertionError: expected [true] but found [false]
	at advanced.myassgnment.MyDownloadedFile.myDownloadFile(MyDownloadedFile.java:47)
... Removed 30 stack frames</pre></div><a href='#' onClick='toggleBox("stack-trace15094126", this, "Click to show all stack frames", "Click to hide stack frames")'>Click to show all stack frames</a>
<div class='stack-trace' id='stack-trace15094126'><pre>java.lang.AssertionError: expected [true] but found [false]
	at org.testng.Assert.fail(Assert.java:94)
	at org.testng.Assert.failNotEquals(Assert.java:513)
	at org.testng.Assert.assertEqualsImpl(Assert.java:135)
	at org.testng.Assert.assertEquals(Assert.java:116)
	at org.testng.Assert.assertEquals(Assert.java:305)
	at org.testng.Assert.assertEquals(Assert.java:315)
	at advanced.myassgnment.MyDownloadedFile.myDownloadFile(MyDownloadedFile.java:47)
	at sun.reflect.NativeMethodAccessorImpl.invoke0(Native Method)
	at sun.reflect.NativeMethodAccessorImpl.invoke(Unknown Source)
	at sun.reflect.DelegatingMethodAccessorImpl.invoke(Unknown Source)
	at java.lang.reflect.Method.invoke(Unknown Source)
	at org.testng.internal.MethodInvocationHelper.invokeMethod(MethodInvocationHelper.java:86)
	at org.testng.internal.Invoker.invokeMethod(Invoker.java:645)
	at org.testng.internal.Invoker.invokeTestMethod(Invoker.java:822)
	at org.testng.internal.Invoker.invokeTestMethods(Invoker.java:1130)
	at org.testng.internal.TestMethodWorker.invokeTestMethods(TestMethodWorker.java:129)
	at org.testng.internal.TestMethodWorker.run(TestMethodWorker.java:112)
	at org.testng.TestRunner.privateRun(TestRunner.java:782)
	at org.testng.TestRunner.run(TestRunner.java:632)
	at org.testng.SuiteRunner.runTest(SuiteRunner.java:366)
	at org.testng.SuiteRunner.runSequentially(SuiteRunner.java:361)
	at org.testng.SuiteRunner.privateRun(SuiteRunner.java:319)
	at org.testng.SuiteRunner.run(SuiteRunner.java:268)
	at org.testng.SuiteRunnerWorker.runSuite(SuiteRunnerWorker.java:52)
	at org.testng.SuiteRunnerWorker.run(SuiteRunnerWorker.java:86)
	at org.testng.TestNG.runSuitesSequentially(TestNG.java:1244)
	at org.testng.TestNG.runSuitesLocally(TestNG.java:1169)
	at org.testng.TestNG.run(TestNG.java:1064)
	at org.testng.remote.RemoteTestNG.run(RemoteTestNG.java:113)
	at org.testng.remote.RemoteTestNG.initAndRun(RemoteTestNG.java:206)
	at org.testng.remote.RemoteTestNG.main(RemoteTestNG.java:177)
</pre></div></td>
<td>36</td>
<td>advanced.myassgnment.MyDownloadedFile@3ac3fd8b</td></tr>
<tr>
<td title='advanced.ExplicitWait.myExplicitWait()'><b>myExplicitWait</b><br>Test class: advanced.ExplicitWait</td>
<td><div><pre>org.openqa.selenium.TimeoutException: Expected condition failed: waiting for presence of element located by: By.name: qr (tried for 40 second(s) with 500 MILLISECONDS interval)
	at org.openqa.selenium.support.ui.WebDriverWait.timeoutException(WebDriverWait.java:80)
	at org.openqa.selenium.support.ui.FluentWait.until(FluentWait.java:232)
	at advanced.ExplicitWait.myExplicitWait(ExplicitWait.java:29)
Caused by: org.openqa.selenium.NoSuchElementException: Cannot locate an element using By.name: qr
For documentation on this error, please visit: http://seleniumhq.org/exceptions/no_such_element.html
Build info: version: &apos;3.5.2&apos;, revision: &apos;10229a9020&apos;, time: &apos;2017-08-21T17:54:21.164Z&apos;
System info: host: &apos;DESKTOP-N0CE5PM&apos;, ip: &apos;192.168.43.213&apos;, os.name: &apos;Windows 10&apos;, os.arch: &apos;amd64&apos;, os.version: &apos;10.0&apos;, java.version: &apos;1.8.0_161&apos;
Driver info: driver.version: unknown
	at org.openqa.selenium.support.ui.ExpectedConditions.lambda$findElement$0(ExpectedConditions.java:883)
	at java.util.Optional.orElseThrow(Unknown Source)
	at org.openqa.selenium.support.ui.ExpectedConditions.findElement(ExpectedConditions.java:882)
	at org.openqa.selenium.support.ui.ExpectedConditions.access$000(ExpectedConditions.java:44)
	at org.openqa.selenium.support.ui.ExpectedConditions$6.apply(ExpectedConditions.java:183)
	at org.openqa.selenium.support.ui.ExpectedConditions$6.apply(ExpectedConditions.java:180)
	at org.openqa.selenium.support.ui.FluentWait.until(FluentWait.java:209)
	... 25 more
... Removed 24 stack frames</pre></div><a href='#' onClick='toggleBox("stack-trace409195262", this, "Click to show all stack frames", "Click to hide stack frames")'>Click to show all stack frames</a>
<div class='stack-trace' id='stack-trace409195262'><pre>org.openqa.selenium.TimeoutException: Expected condition failed: waiting for presence of element located by: By.name: qr (tried for 40 second(s) with 500 MILLISECONDS interval)
	at org.openqa.selenium.support.ui.WebDriverWait.timeoutException(WebDriverWait.java:80)
	at org.openqa.selenium.support.ui.FluentWait.until(FluentWait.java:232)
	at advanced.ExplicitWait.myExplicitWait(ExplicitWait.java:29)
	at sun.reflect.NativeMethodAccessorImpl.invoke0(Native Method)
	at sun.reflect.NativeMethodAccessorImpl.invoke(Unknown Source)
	at sun.reflect.DelegatingMethodAccessorImpl.invoke(Unknown Source)
	at java.lang.reflect.Method.invoke(Unknown Source)
	at org.testng.internal.MethodInvocationHelper.invokeMethod(MethodInvocationHelper.java:86)
	at org.testng.internal.Invoker.invokeMethod(Invoker.java:645)
	at org.testng.internal.Invoker.invokeTestMethod(Invoker.java:822)
	at org.testng.internal.Invoker.invokeTestMethods(Invoker.java:1130)
	at org.testng.internal.TestMethodWorker.invokeTestMethods(TestMethodWorker.java:129)
	at org.testng.internal.TestMethodWorker.run(TestMethodWorker.java:112)
	at org.testng.TestRunner.privateRun(TestRunner.java:782)
	at org.testng.TestRunner.run(TestRunner.java:632)
	at org.testng.SuiteRunner.runTest(SuiteRunner.java:366)
	at org.testng.SuiteRunner.runSequentially(SuiteRunner.java:361)
	at org.testng.SuiteRunner.privateRun(SuiteRunner.java:319)
	at org.testng.SuiteRunner.run(SuiteRunner.java:268)
	at org.testng.SuiteRunnerWorker.runSuite(SuiteRunnerWorker.java:52)
	at org.testng.SuiteRunnerWorker.run(SuiteRunnerWorker.java:86)
	at org.testng.TestNG.runSuitesSequentially(TestNG.java:1244)
	at org.testng.TestNG.runSuitesLocally(TestNG.java:1169)
	at org.testng.TestNG.run(TestNG.java:1064)
	at org.testng.remote.RemoteTestNG.run(RemoteTestNG.java:113)
	at org.testng.remote.RemoteTestNG.initAndRun(RemoteTestNG.java:206)
	at org.testng.remote.RemoteTestNG.main(RemoteTestNG.java:177)
Caused by: org.openqa.selenium.NoSuchElementException: Cannot locate an element using By.name: qr
For documentation on this error, please visit: http://seleniumhq.org/exceptions/no_such_element.html
Build info: version: &apos;3.5.2&apos;, revision: &apos;10229a9020&apos;, time: &apos;2017-08-21T17:54:21.164Z&apos;
System info: host: &apos;DESKTOP-N0CE5PM&apos;, ip: &apos;192.168.43.213&apos;, os.name: &apos;Windows 10&apos;, os.arch: &apos;amd64&apos;, os.version: &apos;10.0&apos;, java.version: &apos;1.8.0_161&apos;
Driver info: driver.version: unknown
	at org.openqa.selenium.support.ui.ExpectedConditions.lambda$findElement$0(ExpectedConditions.java:883)
	at java.util.Optional.orElseThrow(Unknown Source)
	at org.openqa.selenium.support.ui.ExpectedConditions.findElement(ExpectedConditions.java:882)
	at org.openqa.selenium.support.ui.ExpectedConditions.access$000(ExpectedConditions.java:44)
	at org.openqa.selenium.support.ui.ExpectedConditions$6.apply(ExpectedConditions.java:183)
	at org.openqa.selenium.support.ui.ExpectedConditions$6.apply(ExpectedConditions.java:180)
	at org.openqa.selenium.support.ui.FluentWait.until(FluentWait.java:209)
	... 25 more
</pre></div></td>
<td>116</td>
<td>advanced.ExplicitWait@2f7c7260</td></tr>
<tr>
<td title='basics.select.SelectByValue.myTestMethod()'><b>myTestMethod</b><br>Test class: basics.select.SelectByValue</td>
<td><div><pre>java.lang.IllegalStateException: The driver executable does not exist: D:\Radical_Selenium\Selenium\geckodriver-v0.18.0-win64\geckodriver.exe
	at com.google.common.base.Preconditions.checkState(Preconditions.java:534)
	at org.openqa.selenium.remote.service.DriverService.checkExecutable(DriverService.java:136)
	at org.openqa.selenium.remote.service.DriverService.findExecutable(DriverService.java:131)
	at org.openqa.selenium.firefox.GeckoDriverService.access$100(GeckoDriverService.java:41)
	at org.openqa.selenium.firefox.GeckoDriverService$Builder.findDefaultExecutable(GeckoDriverService.java:115)
	at org.openqa.selenium.remote.service.DriverService$Builder.build(DriverService.java:329)
	at org.openqa.selenium.firefox.FirefoxDriver.toExecutor(FirefoxDriver.java:207)
	at org.openqa.selenium.firefox.FirefoxDriver.&lt;init&gt;(FirefoxDriver.java:103)
	at org.openqa.selenium.firefox.FirefoxDriver.&lt;init&gt;(FirefoxDriver.java:99)
	at basics.select.SelectByValue.myTestMethod(SelectByValue.java:16)
... Removed 24 stack frames</pre></div><a href='#' onClick='toggleBox("stack-trace1541525668", this, "Click to show all stack frames", "Click to hide stack frames")'>Click to show all stack frames</a>
<div class='stack-trace' id='stack-trace1541525668'><pre>java.lang.IllegalStateException: The driver executable does not exist: D:\Radical_Selenium\Selenium\geckodriver-v0.18.0-win64\geckodriver.exe
	at com.google.common.base.Preconditions.checkState(Preconditions.java:534)
	at org.openqa.selenium.remote.service.DriverService.checkExecutable(DriverService.java:136)
	at org.openqa.selenium.remote.service.DriverService.findExecutable(DriverService.java:131)
	at org.openqa.selenium.firefox.GeckoDriverService.access$100(GeckoDriverService.java:41)
	at org.openqa.selenium.firefox.GeckoDriverService$Builder.findDefaultExecutable(GeckoDriverService.java:115)
	at org.openqa.selenium.remote.service.DriverService$Builder.build(DriverService.java:329)
	at org.openqa.selenium.firefox.FirefoxDriver.toExecutor(FirefoxDriver.java:207)
	at org.openqa.selenium.firefox.FirefoxDriver.&lt;init&gt;(FirefoxDriver.java:103)
	at org.openqa.selenium.firefox.FirefoxDriver.&lt;init&gt;(FirefoxDriver.java:99)
	at basics.select.SelectByValue.myTestMethod(SelectByValue.java:16)
	at sun.reflect.NativeMethodAccessorImpl.invoke0(Native Method)
	at sun.reflect.NativeMethodAccessorImpl.invoke(Unknown Source)
	at sun.reflect.DelegatingMethodAccessorImpl.invoke(Unknown Source)
	at java.lang.reflect.Method.invoke(Unknown Source)
	at org.testng.internal.MethodInvocationHelper.invokeMethod(MethodInvocationHelper.java:86)
	at org.testng.internal.Invoker.invokeMethod(Invoker.java:645)
	at org.testng.internal.Invoker.invokeTestMethod(Invoker.java:822)
	at org.testng.internal.Invoker.invokeTestMethods(Invoker.java:1130)
	at org.testng.internal.TestMethodWorker.invokeTestMethods(TestMethodWorker.java:129)
	at org.testng.internal.TestMethodWorker.run(TestMethodWorker.java:112)
	at org.testng.TestRunner.privateRun(TestRunner.java:782)
	at org.testng.TestRunner.run(TestRunner.java:632)
	at org.testng.SuiteRunner.runTest(SuiteRunner.java:366)
	at org.testng.SuiteRunner.runSequentially(SuiteRunner.java:361)
	at org.testng.SuiteRunner.privateRun(SuiteRunner.java:319)
	at org.testng.SuiteRunner.run(SuiteRunner.java:268)
	at org.testng.SuiteRunnerWorker.runSuite(SuiteRunnerWorker.java:52)
	at org.testng.SuiteRunnerWorker.run(SuiteRunnerWorker.java:86)
	at org.testng.TestNG.runSuitesSequentially(TestNG.java:1244)
	at org.testng.TestNG.runSuitesLocally(TestNG.java:1169)
	at org.testng.TestNG.run(TestNG.java:1064)
	at org.testng.remote.RemoteTestNG.run(RemoteTestNG.java:113)
	at org.testng.remote.RemoteTestNG.initAndRun(RemoteTestNG.java:206)
	at org.testng.remote.RemoteTestNG.main(RemoteTestNG.java:177)
</pre></div></td>
<td>0</td>
<td>basics.select.SelectByValue@2c8d66b2</td></tr>
<tr>
<td title='basics.FacebookLogin.myTestMethod()'><b>myTestMethod</b><br>Test class: basics.FacebookLogin</td>
<td><div><pre>org.openqa.selenium.WebDriverException: quit
Build info: version: &apos;3.5.2&apos;, revision: &apos;10229a9020&apos;, time: &apos;2017-08-21T17:54:21.164Z&apos;
System info: host: &apos;DESKTOP-N0CE5PM&apos;, ip: &apos;192.168.43.213&apos;, os.name: &apos;Windows 10&apos;, os.arch: &apos;amd64&apos;, os.version: &apos;10.0&apos;, java.version: &apos;1.8.0_161&apos;
Driver info: org.openqa.selenium.firefox.FirefoxDriver
Capabilities [{moz:profile=C:\Users\Pravin\AppData\Local\Temp\rust_mozprofile.yvyzKAvSnbUe, rotatable=false, timeouts={implicit=0, pageLoad=300000, script=30000}, pageLoadStrategy=normal, platform=ANY, specificationLevel=0, moz:accessibilityChecks=false, acceptInsecureCerts=false, browserVersion=53.0.3, platformVersion=10.0, moz:processID=8568, browserName=firefox, javascriptEnabled=true, platformName=windows_nt}]
Session ID: eb6b1db5-e816-498f-a053-25e0e43fc606
	at org.openqa.selenium.remote.http.W3CHttpResponseCodec.createException(W3CHttpResponseCodec.java:185)
	at org.openqa.selenium.remote.http.W3CHttpResponseCodec.decode(W3CHttpResponseCodec.java:120)
	at org.openqa.selenium.remote.http.W3CHttpResponseCodec.decode(W3CHttpResponseCodec.java:49)
	at org.openqa.selenium.remote.HttpCommandExecutor.execute(HttpCommandExecutor.java:164)
	at org.openqa.selenium.remote.service.DriverCommandExecutor.execute(DriverCommandExecutor.java:82)
	at org.openqa.selenium.remote.RemoteWebDriver.execute(RemoteWebDriver.java:641)
	at org.openqa.selenium.remote.RemoteWebDriver.execute(RemoteWebDriver.java:698)
	at org.openqa.selenium.remote.RemoteWebDriver.quit(RemoteWebDriver.java:537)
	at basics.FacebookLogin.myTestMethod(FacebookLogin.java:34)
... Removed 28 stack frames</pre></div><a href='#' onClick='toggleBox("stack-trace1758893871", this, "Click to show all stack frames", "Click to hide stack frames")'>Click to show all stack frames</a>
<div class='stack-trace' id='stack-trace1758893871'><pre>org.openqa.selenium.WebDriverException: quit
Build info: version: &apos;3.5.2&apos;, revision: &apos;10229a9020&apos;, time: &apos;2017-08-21T17:54:21.164Z&apos;
System info: host: &apos;DESKTOP-N0CE5PM&apos;, ip: &apos;192.168.43.213&apos;, os.name: &apos;Windows 10&apos;, os.arch: &apos;amd64&apos;, os.version: &apos;10.0&apos;, java.version: &apos;1.8.0_161&apos;
Driver info: org.openqa.selenium.firefox.FirefoxDriver
Capabilities [{moz:profile=C:\Users\Pravin\AppData\Local\Temp\rust_mozprofile.yvyzKAvSnbUe, rotatable=false, timeouts={implicit=0, pageLoad=300000, script=30000}, pageLoadStrategy=normal, platform=ANY, specificationLevel=0, moz:accessibilityChecks=false, acceptInsecureCerts=false, browserVersion=53.0.3, platformVersion=10.0, moz:processID=8568, browserName=firefox, javascriptEnabled=true, platformName=windows_nt}]
Session ID: eb6b1db5-e816-498f-a053-25e0e43fc606
	at sun.reflect.NativeConstructorAccessorImpl.newInstance0(Native Method)
	at sun.reflect.NativeConstructorAccessorImpl.newInstance(Unknown Source)
	at sun.reflect.DelegatingConstructorAccessorImpl.newInstance(Unknown Source)
	at java.lang.reflect.Constructor.newInstance(Unknown Source)
	at org.openqa.selenium.remote.http.W3CHttpResponseCodec.createException(W3CHttpResponseCodec.java:185)
	at org.openqa.selenium.remote.http.W3CHttpResponseCodec.decode(W3CHttpResponseCodec.java:120)
	at org.openqa.selenium.remote.http.W3CHttpResponseCodec.decode(W3CHttpResponseCodec.java:49)
	at org.openqa.selenium.remote.HttpCommandExecutor.execute(HttpCommandExecutor.java:164)
	at org.openqa.selenium.remote.service.DriverCommandExecutor.execute(DriverCommandExecutor.java:82)
	at org.openqa.selenium.remote.RemoteWebDriver.execute(RemoteWebDriver.java:641)
	at org.openqa.selenium.remote.RemoteWebDriver.execute(RemoteWebDriver.java:698)
	at org.openqa.selenium.remote.RemoteWebDriver.quit(RemoteWebDriver.java:537)
	at basics.FacebookLogin.myTestMethod(FacebookLogin.java:34)
	at sun.reflect.NativeMethodAccessorImpl.invoke0(Native Method)
	at sun.reflect.NativeMethodAccessorImpl.invoke(Unknown Source)
	at sun.reflect.DelegatingMethodAccessorImpl.invoke(Unknown Source)
	at java.lang.reflect.Method.invoke(Unknown Source)
	at org.testng.internal.MethodInvocationHelper.invokeMethod(MethodInvocationHelper.java:86)
	at org.testng.internal.Invoker.invokeMethod(Invoker.java:645)
	at org.testng.internal.Invoker.invokeTestMethod(Invoker.java:822)
	at org.testng.internal.Invoker.invokeTestMethods(Invoker.java:1130)
	at org.testng.internal.TestMethodWorker.invokeTestMethods(TestMethodWorker.java:129)
	at org.testng.internal.TestMethodWorker.run(TestMethodWorker.java:112)
	at org.testng.TestRunner.privateRun(TestRunner.java:782)
	at org.testng.TestRunner.run(TestRunner.java:632)
	at org.testng.SuiteRunner.runTest(SuiteRunner.java:366)
	at org.testng.SuiteRunner.runSequentially(SuiteRunner.java:361)
	at org.testng.SuiteRunner.privateRun(SuiteRunner.java:319)
	at org.testng.SuiteRunner.run(SuiteRunner.java:268)
	at org.testng.SuiteRunnerWorker.runSuite(SuiteRunnerWorker.java:52)
	at org.testng.SuiteRunnerWorker.run(SuiteRunnerWorker.java:86)
	at org.testng.TestNG.runSuitesSequentially(TestNG.java:1244)
	at org.testng.TestNG.runSuitesLocally(TestNG.java:1169)
	at org.testng.TestNG.run(TestNG.java:1064)
	at org.testng.remote.RemoteTestNG.run(RemoteTestNG.java:113)
	at org.testng.remote.RemoteTestNG.initAndRun(RemoteTestNG.java:206)
	at org.testng.remote.RemoteTestNG.main(RemoteTestNG.java:177)
</pre></div></td>
<td>60</td>
<td>basics.FacebookLogin@6b71769e</td></tr>
<tr>
<td title='advanced.FacebookTest.myTestMethod()'><b>myTestMethod</b><br>Test class: advanced.FacebookTest</td>
<td><div><pre>org.openqa.selenium.TimeoutException: timeout
  (Session info: chrome=73.0.3683.103)
  (Driver info: chromedriver=2.45.615291 (ec3682e3c9061c10f26ea9e5cdcf3c53f3f74387),platform=Windows NT 10.0.16299 x86_64) (WARNING: The server did not provide any stacktrace information)
Command duration or timeout: 0 milliseconds
Build info: version: &apos;3.5.2&apos;, revision: &apos;10229a9020&apos;, time: &apos;2017-08-21T17:54:21.164Z&apos;
System info: host: &apos;DESKTOP-N0CE5PM&apos;, ip: &apos;192.168.43.213&apos;, os.name: &apos;Windows 10&apos;, os.arch: &apos;amd64&apos;, os.version: &apos;10.0&apos;, java.version: &apos;1.8.0_161&apos;
Driver info: org.openqa.selenium.chrome.ChromeDriver
Capabilities [{mobileEmulationEnabled=false, timeouts={implicit=0, pageLoad=300000, script=30000}, hasTouchScreen=false, platform=XP, acceptSslCerts=false, goog:chromeOptions={debuggerAddress=localhost:60005}, acceptInsecureCerts=false, webStorageEnabled=true, browserName=chrome, takesScreenshot=true, javascriptEnabled=true, setWindowRect=true, unexpectedAlertBehaviour=ignore, applicationCacheEnabled=false, rotatable=false, networkConnectionEnabled=false, chrome={chromedriverVersion=2.45.615291 (ec3682e3c9061c10f26ea9e5cdcf3c53f3f74387), userDataDir=C:\Users\Pravin\AppData\Local\Temp\scoped_dir5440_15544}, takesHeapSnapshot=true, unhandledPromptBehavior=ignore, pageLoadStrategy=normal, strictFileInteractability=false, databaseEnabled=false, handlesAlerts=true, version=73.0.3683.103, browserConnectionEnabled=false, proxy=Proxy(), nativeEvents=true, locationContextEnabled=true, cssSelectorsEnabled=true}]
Session ID: 5f57b3b808b191dc9a5ade4197f176a3
	at org.openqa.selenium.remote.ErrorHandler.createThrowable(ErrorHandler.java:215)
	at org.openqa.selenium.remote.ErrorHandler.throwIfResponseFailed(ErrorHandler.java:167)
	at org.openqa.selenium.remote.http.JsonHttpResponseCodec.reconstructValue(JsonHttpResponseCodec.java:40)
	at org.openqa.selenium.remote.http.AbstractHttpResponseCodec.decode(AbstractHttpResponseCodec.java:82)
	at org.openqa.selenium.remote.http.AbstractHttpResponseCodec.decode(AbstractHttpResponseCodec.java:45)
	at org.openqa.selenium.remote.HttpCommandExecutor.execute(HttpCommandExecutor.java:164)
	at org.openqa.selenium.remote.service.DriverCommandExecutor.execute(DriverCommandExecutor.java:82)
	at org.openqa.selenium.remote.RemoteWebDriver.execute(RemoteWebDriver.java:641)
	at org.openqa.selenium.remote.RemoteWebDriver.get(RemoteWebDriver.java:368)
	at advanced.FacebookTest.myTestMethod(FacebookTest.java:24)
... Removed 28 stack frames</pre></div><a href='#' onClick='toggleBox("stack-trace1107204185", this, "Click to show all stack frames", "Click to hide stack frames")'>Click to show all stack frames</a>
<div class='stack-trace' id='stack-trace1107204185'><pre>org.openqa.selenium.TimeoutException: timeout
  (Session info: chrome=73.0.3683.103)
  (Driver info: chromedriver=2.45.615291 (ec3682e3c9061c10f26ea9e5cdcf3c53f3f74387),platform=Windows NT 10.0.16299 x86_64) (WARNING: The server did not provide any stacktrace information)
Command duration or timeout: 0 milliseconds
Build info: version: &apos;3.5.2&apos;, revision: &apos;10229a9020&apos;, time: &apos;2017-08-21T17:54:21.164Z&apos;
System info: host: &apos;DESKTOP-N0CE5PM&apos;, ip: &apos;192.168.43.213&apos;, os.name: &apos;Windows 10&apos;, os.arch: &apos;amd64&apos;, os.version: &apos;10.0&apos;, java.version: &apos;1.8.0_161&apos;
Driver info: org.openqa.selenium.chrome.ChromeDriver
Capabilities [{mobileEmulationEnabled=false, timeouts={implicit=0, pageLoad=300000, script=30000}, hasTouchScreen=false, platform=XP, acceptSslCerts=false, goog:chromeOptions={debuggerAddress=localhost:60005}, acceptInsecureCerts=false, webStorageEnabled=true, browserName=chrome, takesScreenshot=true, javascriptEnabled=true, setWindowRect=true, unexpectedAlertBehaviour=ignore, applicationCacheEnabled=false, rotatable=false, networkConnectionEnabled=false, chrome={chromedriverVersion=2.45.615291 (ec3682e3c9061c10f26ea9e5cdcf3c53f3f74387), userDataDir=C:\Users\Pravin\AppData\Local\Temp\scoped_dir5440_15544}, takesHeapSnapshot=true, unhandledPromptBehavior=ignore, pageLoadStrategy=normal, strictFileInteractability=false, databaseEnabled=false, handlesAlerts=true, version=73.0.3683.103, browserConnectionEnabled=false, proxy=Proxy(), nativeEvents=true, locationContextEnabled=true, cssSelectorsEnabled=true}]
Session ID: 5f57b3b808b191dc9a5ade4197f176a3
	at sun.reflect.NativeConstructorAccessorImpl.newInstance0(Native Method)
	at sun.reflect.NativeConstructorAccessorImpl.newInstance(Unknown Source)
	at sun.reflect.DelegatingConstructorAccessorImpl.newInstance(Unknown Source)
	at java.lang.reflect.Constructor.newInstance(Unknown Source)
	at org.openqa.selenium.remote.ErrorHandler.createThrowable(ErrorHandler.java:215)
	at org.openqa.selenium.remote.ErrorHandler.throwIfResponseFailed(ErrorHandler.java:167)
	at org.openqa.selenium.remote.http.JsonHttpResponseCodec.reconstructValue(JsonHttpResponseCodec.java:40)
	at org.openqa.selenium.remote.http.AbstractHttpResponseCodec.decode(AbstractHttpResponseCodec.java:82)
	at org.openqa.selenium.remote.http.AbstractHttpResponseCodec.decode(AbstractHttpResponseCodec.java:45)
	at org.openqa.selenium.remote.HttpCommandExecutor.execute(HttpCommandExecutor.java:164)
	at org.openqa.selenium.remote.service.DriverCommandExecutor.execute(DriverCommandExecutor.java:82)
	at org.openqa.selenium.remote.RemoteWebDriver.execute(RemoteWebDriver.java:641)
	at org.openqa.selenium.remote.RemoteWebDriver.get(RemoteWebDriver.java:368)
	at advanced.FacebookTest.myTestMethod(FacebookTest.java:24)
	at sun.reflect.NativeMethodAccessorImpl.invoke0(Native Method)
	at sun.reflect.NativeMethodAccessorImpl.invoke(Unknown Source)
	at sun.reflect.DelegatingMethodAccessorImpl.invoke(Unknown Source)
	at java.lang.reflect.Method.invoke(Unknown Source)
	at org.testng.internal.MethodInvocationHelper.invokeMethod(MethodInvocationHelper.java:86)
	at org.testng.internal.Invoker.invokeMethod(Invoker.java:645)
	at org.testng.internal.Invoker.invokeTestMethod(Invoker.java:822)
	at org.testng.internal.Invoker.invokeTestMethods(Invoker.java:1130)
	at org.testng.internal.TestMethodWorker.invokeTestMethods(TestMethodWorker.java:129)
	at org.testng.internal.TestMethodWorker.run(TestMethodWorker.java:112)
	at org.testng.TestRunner.privateRun(TestRunner.java:782)
	at org.testng.TestRunner.run(TestRunner.java:632)
	at org.testng.SuiteRunner.runTest(SuiteRunner.java:366)
	at org.testng.SuiteRunner.runSequentially(SuiteRunner.java:361)
	at org.testng.SuiteRunner.privateRun(SuiteRunner.java:319)
	at org.testng.SuiteRunner.run(SuiteRunner.java:268)
	at org.testng.SuiteRunnerWorker.runSuite(SuiteRunnerWorker.java:52)
	at org.testng.SuiteRunnerWorker.run(SuiteRunnerWorker.java:86)
	at org.testng.TestNG.runSuitesSequentially(TestNG.java:1244)
	at org.testng.TestNG.runSuitesLocally(TestNG.java:1169)
	at org.testng.TestNG.run(TestNG.java:1064)
	at org.testng.remote.RemoteTestNG.run(RemoteTestNG.java:113)
	at org.testng.remote.RemoteTestNG.initAndRun(RemoteTestNG.java:206)
	at org.testng.remote.RemoteTestNG.main(RemoteTestNG.java:177)
</pre></div></td>
<td>8</td>
<td>advanced.FacebookTest@7c75222b</td></tr>
</table><p>
<table width='100%' border='1' class='invocation-passed'>
<tr><td colspan='4' align='center'><b>PASSED TESTS</b></td></tr>
<tr><td><b>Test method</b></td>
<td width="30%"><b>Exception</b></td>
<td width="10%"><b>Time (seconds)</b></td>
<td><b>Instance</b></td>
</tr>
<tr>
<td title='basics.MyAutomationScript.MyRegistration()'><b>MyRegistration</b><br>Test class: basics.MyAutomationScript</td>
<td></td>
<td>35</td>
<td>basics.MyAutomationScript@58ceff1</td></tr>
<tr>
<td title='advanced.myassgnment.MyDynamicTable.dynamicTableTest()'><b>dynamicTableTest</b><br>Test class: advanced.myassgnment.MyDynamicTable</td>
<td></td>
<td>13</td>
<td>advanced.myassgnment.MyDynamicTable@3f0ee7cb</td></tr>
<tr>
<td title='datadriven.MyDataDrivenScript1.loginToFacebook()'><b>loginToFacebook</b><br>Test class: datadriven.MyDataDrivenScript1<br>Parameters: admin, pwd</td>
<td></td>
<td>0</td>
<td>datadriven.MyDataDrivenScript1@1cd072a9</td></tr>
<tr>
<td title='datadriven.MyDataDrivenScript1.loginToFacebook()'><b>loginToFacebook</b><br>Test class: datadriven.MyDataDrivenScript1<br>Parameters: admin1, pwd</td>
<td></td>
<td>0</td>
<td>datadriven.MyDataDrivenScript1@1cd072a9</td></tr>
<tr>
<td title='datadriven.MyDataDrivenScript1.loginToFacebook()'><b>loginToFacebook</b><br>Test class: datadriven.MyDataDrivenScript1<br>Parameters: null, null</td>
<td></td>
<td>0</td>
<td>datadriven.MyDataDrivenScript1@1cd072a9</td></tr>
<tr>
<td title='datadriven.MyDataDrivenScript.loginToFacebook()'><b>loginToFacebook</b><br>Test class: datadriven.MyDataDrivenScript<br>Parameters: user1, pwd1</td>
<td></td>
<td>27</td>
<td>datadriven.MyDataDrivenScript@2133c8f8</td></tr>
<tr>
<td title='datadriven.MyDataDrivenScript.loginToFacebook()'><b>loginToFacebook</b><br>Test class: datadriven.MyDataDrivenScript<br>Parameters: user2, pwd</td>
<td></td>
<td>23</td>
<td>datadriven.MyDataDrivenScript@2133c8f8</td></tr>
<tr>
<td title='datadriven.MyDataDrivenScript.loginToFacebook()'><b>loginToFacebook</b><br>Test class: datadriven.MyDataDrivenScript<br>Parameters: user3, pwd</td>
<td></td>
<td>23</td>
<td>datadriven.MyDataDrivenScript@2133c8f8</td></tr>
<tr>
<td title='datadriven.MyDataDrivenScript.loginToFacebook()'><b>loginToFacebook</b><br>Test class: datadriven.MyDataDrivenScript<br>Parameters: user4, pwd</td>
<td></td>
<td>13</td>
<td>datadriven.MyDataDrivenScript@2133c8f8</td></tr>
<tr>
<td title='datadriven.MyDataDrivenScript.loginToFacebook()'><b>loginToFacebook</b><br>Test class: datadriven.MyDataDrivenScript<br>Parameters: user5, pwd</td>
<td></td>
<td>18</td>
<td>datadriven.MyDataDrivenScript@2133c8f8</td></tr>
<tr>
<td title='datadriven.MyDataDrivenScript.loginToFacebook()'><b>loginToFacebook</b><br>Test class: datadriven.MyDataDrivenScript<br>Parameters: user6, pwd</td>
<td></td>
<td>14</td>
<td>datadriven.MyDataDrivenScript@2133c8f8</td></tr>
<tr>
<td title='datadriven.MyDataDrivenScript.loginToFacebook()'><b>loginToFacebook</b><br>Test class: datadriven.MyDataDrivenScript<br>Parameters: user7, pwd</td>
<td></td>
<td>12</td>
<td>datadriven.MyDataDrivenScript@2133c8f8</td></tr>
<tr>
<td title='datadriven.MyDataDrivenScript.loginToFacebook()'><b>loginToFacebook</b><br>Test class: datadriven.MyDataDrivenScript<br>Parameters: user8, pwd</td>
<td></td>
<td>12</td>
<td>datadriven.MyDataDrivenScript@2133c8f8</td></tr>
<tr>
<td title='datadriven.MyDataDrivenScript.loginToFacebook()'><b>loginToFacebook</b><br>Test class: datadriven.MyDataDrivenScript<br>Parameters: user9, pwd</td>
<td></td>
<td>22</td>
<td>datadriven.MyDataDrivenScript@2133c8f8</td></tr>
<tr>
<td title='basics.alert.AlertBoxTest.myAlertBoxTest()'><b>myAlertBoxTest</b><br>Test class: basics.alert.AlertBoxTest</td>
<td></td>
<td>135</td>
<td>basics.alert.AlertBoxTest@2d209079</td></tr>
<tr>
<td title='advanced.MyFileDownloadChrome.myDownload()'><b>myDownload</b><br>Test class: advanced.MyFileDownloadChrome</td>
<td></td>
<td>10</td>
<td>advanced.MyFileDownloadChrome@2ff4f00f</td></tr>
<tr>
<td title='advanced.MyFileDownload.myDownload()'><b>myDownload</b><br>Test class: advanced.MyFileDownload</td>
<td></td>
<td>32</td>
<td>advanced.MyFileDownload@e580929</td></tr>
<tr>
<td title='advanced.FileUpload.myFileUpload()'><b>myFileUpload</b><br>Test class: advanced.FileUpload</td>
<td></td>
<td>112</td>
<td>advanced.FileUpload@d041cf</td></tr>
<tr>
<td title='advanced.ImplicitWait.myImplicitWait()'><b>myImplicitWait</b><br>Test class: advanced.ImplicitWait</td>
<td></td>
<td>18</td>
<td>advanced.ImplicitWait@4c203ea1</td></tr>
<tr>
<td title='basics.AmazonLoginTestCh.myLoginTest()'><b>myLoginTest</b><br>Test class: basics.AmazonLoginTestCh</td>
<td></td>
<td>0</td>
<td>basics.AmazonLoginTestCh@7c30a502</td></tr>
<tr>
<td title='basics.myassignments.ListItemMultipleSelection.myTestMethod()'><b>myTestMethod</b><br>Test class: basics.myassignments.ListItemMultipleSelection</td>
<td></td>
<td>73</td>
<td>basics.myassignments.ListItemMultipleSelection@6debcae2</td></tr>
<tr>
<td title='basics.MyCheckBox.myTestMethod()'><b>myTestMethod</b><br>Test class: basics.MyCheckBox</td>
<td></td>
<td>18</td>
<td>basics.MyCheckBox@5ba23b66</td></tr>
<tr>
<td title='advanced.myassgnment.OpenNewTabBrowser.myTestMethod()'><b>myTestMethod</b><br>Test class: advanced.myassgnment.OpenNewTabBrowser</td>
<td></td>
<td>66</td>
<td>advanced.myassgnment.OpenNewTabBrowser@c818063</td></tr>
<tr>
<td title='basics.MyFirstAutomationScriptCH.myTestMethod()'><b>myTestMethod</b><br>Test class: basics.MyFirstAutomationScriptCH</td>
<td></td>
<td>34</td>
<td>basics.MyFirstAutomationScriptCH@75bd9247</td></tr>
<tr>
<td title='basics.select.GetAllSelectedOptions.myTestMethod()'><b>myTestMethod</b><br>Test class: basics.select.GetAllSelectedOptions</td>
<td></td>
<td>28</td>
<td>basics.select.GetAllSelectedOptions@35bbe5e8</td></tr>
<tr>
<td title='advanced.OpenLinkinNewTab.myTestMethod()'><b>myTestMethod</b><br>Test class: advanced.OpenLinkinNewTab</td>
<td></td>
<td>21</td>
<td>advanced.OpenLinkinNewTab@5a39699c</td></tr>
<tr>
<td title='basics.MyFirstAutomationScriptFF.myTestMethod()'><b>myTestMethod</b><br>Test class: basics.MyFirstAutomationScriptFF</td>
<td></td>
<td>49</td>
<td>basics.MyFirstAutomationScriptFF@3cb5cdba</td></tr>
<tr>
<td title='basics.select.MyFormScript.myTestMethod()'><b>myTestMethod</b><br>Test class: basics.select.MyFormScript</td>
<td></td>
<td>37</td>
<td>basics.select.MyFormScript@56cbfb61</td></tr>
<tr>
<td title='advanced.MyDragAndDrop.myTestMethod()'><b>myTestMethod</b><br>Test class: advanced.MyDragAndDrop</td>
<td></td>
<td>20</td>
<td>advanced.MyDragAndDrop@1134affc</td></tr>
<tr>
<td title='advanced.MyIframe.myTestMethod()'><b>myTestMethod</b><br>Test class: advanced.MyIframe</td>
<td></td>
<td>83</td>
<td>advanced.MyIframe@129a8472</td></tr>
<tr>
<td title='basics.select.SelectByIndex.myTestMethod()'><b>myTestMethod</b><br>Test class: basics.select.SelectByIndex</td>
<td></td>
<td>94</td>
<td>basics.select.SelectByIndex@1b0375b3</td></tr>
<tr>
<td title='advanced.MyScreenShot.myTestMethod()'><b>myTestMethod</b><br>Test class: advanced.MyScreenShot</td>
<td></td>
<td>24</td>
<td>advanced.MyScreenShot@2752f6e2</td></tr>
<tr>
<td title='advanced.BrowserForwordBackRefresh.myTestMethod()'><b>myTestMethod</b><br>Test class: advanced.BrowserForwordBackRefresh</td>
<td></td>
<td>44</td>
<td>advanced.BrowserForwordBackRefresh@48140564</td></tr>
<tr>
<td title='basics.MyFirstAutomationScriptIE.myTestMethod()'><b>myTestMethod</b><br>Test class: basics.MyFirstAutomationScriptIE</td>
<td></td>
<td>91</td>
<td>basics.MyFirstAutomationScriptIE@49e4cb85</td></tr>
<tr>
<td title='basics.myassignments.MoveAllListItemsToRights.myTestMethod()'><b>myTestMethod</b><br>Test class: basics.myassignments.MoveAllListItemsToRights</td>
<td></td>
<td>50</td>
<td>basics.myassignments.MoveAllListItemsToRights@43a25848</td></tr>
<tr>
<td title='basics.MyFirstAutomationScriptEdge.myTestMethod()'><b>myTestMethod</b><br>Test class: basics.MyFirstAutomationScriptEdge</td>
<td></td>
<td>67</td>
<td>basics.MyFirstAutomationScriptEdge@5594a1b5</td></tr>
<tr>
<td title='advanced.myassgnment.TakeScreenShotElementNotFound.takeSreenshot()'><b>takeSreenshot</b><br>Test class: advanced.myassgnment.TakeScreenShotElementNotFound</td>
<td></td>
<td>5</td>
<td>advanced.myassgnment.TakeScreenShotElementNotFound@1d251891</td></tr>
</table><p>
</body>
</html>