<?xml version="1.0" encoding="UTF-8"?>
<!-- Generated by org.testng.reporters.JUnitXMLReporter -->
<testsuite hostname="DESKTOP-N0CE5PM" name="AllClassesFromPackage" tests="9" failures="1" timestamp="23 Mar 2019 04:51:27 GMT" time="176.247" errors="0">
  <testcase name="myLoginTest" time="0.0" classname="basics.AmazonLoginTestCh"/>
  <testcase name="moveMycountryToRight" time="41.135" classname="basics.CountryListBox"/>
  <testcase name="myTestMethod" time="23.067" classname="basics.FacebookLogin">
    <failure type="org.openqa.selenium.WebDriverException" message="quit
Build info: version: &amp;apos;3.5.2&amp;apos;, revision: &amp;apos;10229a9020&amp;apos;, time: &amp;apos;2017-08-21T17:54:21.164Z&amp;apos;
System info: host: &amp;apos;DESKTOP-N0CE5PM&amp;apos;, ip: &amp;apos;192.168.1.197&amp;apos;, os.name: &amp;apos;Windows 10&amp;apos;, os.arch: &amp;apos;amd64&amp;apos;, os.version: &amp;apos;10.0&amp;apos;, java.version: &amp;apos;1.8.0_161&amp;apos;
Driver info: org.openqa.selenium.firefox.FirefoxDriver
Capabilities [{moz:profile=C:\Users\Pravin\AppData\Local\Temp\rust_mozprofile.BnWEp8MHso23, rotatable=false, timeouts={implicit=0, pageLoad=300000, script=30000}, pageLoadStrategy=normal, platform=ANY, specificationLevel=0, moz:accessibilityChecks=false, acceptInsecureCerts=false, browserVersion=53.0.3, platformVersion=10.0, moz:processID=6620, browserName=firefox, javascriptEnabled=true, platformName=windows_nt}]
Session ID: c01e1542-1bbf-4973-8ed2-97569aed39a2">
      <![CDATA[org.openqa.selenium.WebDriverException: quit
Build info: version: '3.5.2', revision: '10229a9020', time: '2017-08-21T17:54:21.164Z'
System info: host: 'DESKTOP-N0CE5PM', ip: '192.168.1.197', os.name: 'Windows 10', os.arch: 'amd64', os.version: '10.0', java.version: '1.8.0_161'
Driver info: org.openqa.selenium.firefox.FirefoxDriver
Capabilities [{moz:profile=C:\Users\Pravin\AppData\Local\Temp\rust_mozprofile.BnWEp8MHso23, rotatable=false, timeouts={implicit=0, pageLoad=300000, script=30000}, pageLoadStrategy=normal, platform=ANY, specificationLevel=0, moz:accessibilityChecks=false, acceptInsecureCerts=false, browserVersion=53.0.3, platformVersion=10.0, moz:processID=6620, browserName=firefox, javascriptEnabled=true, platformName=windows_nt}]
Session ID: c01e1542-1bbf-4973-8ed2-97569aed39a2
	at org.openqa.selenium.remote.http.W3CHttpResponseCodec.createException(W3CHttpResponseCodec.java:185)
	at org.openqa.selenium.remote.http.W3CHttpResponseCodec.decode(W3CHttpResponseCodec.java:120)
	at org.openqa.selenium.remote.http.W3CHttpResponseCodec.decode(W3CHttpResponseCodec.java:49)
	at org.openqa.selenium.remote.HttpCommandExecutor.execute(HttpCommandExecutor.java:164)
	at org.openqa.selenium.remote.service.DriverCommandExecutor.execute(DriverCommandExecutor.java:82)
	at org.openqa.selenium.remote.RemoteWebDriver.execute(RemoteWebDriver.java:641)
	at org.openqa.selenium.remote.RemoteWebDriver.execute(RemoteWebDriver.java:698)
	at org.openqa.selenium.remote.RemoteWebDriver.quit(RemoteWebDriver.java:537)
	at basics.FacebookLogin.myTestMethod(FacebookLogin.java:34)
... Removed 28 stack frames]]>
    </failure>
  </testcase> <!-- myTestMethod -->
  <testcase name="MyRegistration" time="19.31" classname="basics.MyAutomationScript"/>
  <testcase name="myTestMethod" time="10.342" classname="basics.MyCheckBox"/>
  <testcase name="myTestMethod" time="24.18" classname="basics.MyFirstAutomationScriptCH"/>
  <testcase name="myTestMethod" time="13.078" classname="basics.MyFirstAutomationScriptEdge"/>
  <testcase name="myTestMethod" time="22.847" classname="basics.MyFirstAutomationScriptFF"/>
  <testcase name="myTestMethod" time="22.197" classname="basics.MyFirstAutomationScriptIE"/>
</testsuite> <!-- AllClassesFromPackage -->
